\BOOKMARK [-1][-]{chapter*.1}{\376\377\116\055\145\207\144\130\211\201}{}% 1
\BOOKMARK [-1][-]{chapter*.2}{\376\377\000A\000B\000S\000T\000R\000A\000C\000T}{}% 2
\BOOKMARK [-1][-]{chapter*.3}{\376\377\166\356\000\040\137\125}{}% 3
\BOOKMARK [0][-]{chapter.1}{\376\377\137\025\212\000}{chapter*.3}% 4
\BOOKMARK [1][-]{section.1.1}{\376\377\170\024\172\166\200\314\146\157\116\016\133\236\226\105\136\224\165\050}{chapter.1}% 5
\BOOKMARK [1][-]{section.1.2}{\376\377\170\024\172\166\163\260\162\266\123\312\226\276\160\271}{chapter.1}% 6
\BOOKMARK [2][-]{subsection.1.2.1}{\376\377\155\361\136\246\126\376\120\317\215\205\122\006\217\250\163\207\221\315\136\372}{section.1.2}% 7
\BOOKMARK [2][-]{subsection.1.2.2}{\376\377\123\125\166\356\155\361\136\246\117\060\213\241}{section.1.2}% 8
\BOOKMARK [2][-]{subsection.1.2.3}{\376\377\227\142\124\021\155\361\136\246\126\376\120\317\166\204\131\032\116\373\122\241\200\124\124\010\133\146\116\140}{section.1.2}% 9
\BOOKMARK [1][-]{section.1.3}{\376\377\147\054\145\207\116\073\211\201\135\345\117\134}{chapter.1}% 10
\BOOKMARK [1][-]{section.1.4}{\376\377\176\323\147\204\133\211\143\222}{chapter.1}% 11
\BOOKMARK [1][-]{section.1.5}{\376\377\147\054\172\340\134\017\176\323}{chapter.1}% 12
\BOOKMARK [0][-]{chapter.2}{\376\377\166\370\121\163\142\200\147\057\124\214\145\271\154\325}{chapter*.3}% 13
\BOOKMARK [1][-]{section.2.1}{\376\377\123\167\171\357\171\136\176\317\177\121\176\334}{chapter.2}% 14
\BOOKMARK [2][-]{subsection.2.1.1}{\376\377\123\167\171\357}{section.2.1}% 15
\BOOKMARK [2][-]{subsection.2.1.2}{\376\377\157\300\155\073\121\375\145\160}{section.2.1}% 16
\BOOKMARK [2][-]{subsection.2.1.3}{\376\377\154\140\123\026}{section.2.1}% 17
\BOOKMARK [2][-]{subsection.2.1.4}{\376\377\153\143\122\031\123\026}{section.2.1}% 18
\BOOKMARK [2][-]{subsection.2.1.5}{\376\377\121\150\217\336\143\245}{section.2.1}% 19
\BOOKMARK [2][-]{subsection.2.1.6}{\376\377\121\166\116\326\123\167\171\357}{section.2.1}% 20
\BOOKMARK [1][-]{section.2.2}{\376\377\177\026\170\001\126\150\000-\211\343\170\001\126\150\150\106\147\266}{chapter.2}% 21
\BOOKMARK [1][-]{section.2.3}{\376\377\154\350\141\017\122\233\147\072\122\066}{chapter.2}% 22
\BOOKMARK [2][-]{subsection.2.3.1}{\376\377\220\032\220\123\154\350\141\017\122\233}{section.2.3}% 23
\BOOKMARK [2][-]{subsection.2.3.2}{\376\377\172\172\225\364\154\350\141\017\122\233}{section.2.3}% 24
\BOOKMARK [1][-]{section.2.4}{\376\377\131\032\134\072\136\246\147\072\122\066}{chapter.2}% 25
\BOOKMARK [1][-]{section.2.5}{\376\377\120\317\175\040\221\315\176\304}{chapter.2}% 26
\BOOKMARK [1][-]{section.2.6}{\376\377\147\054\172\340\134\017\176\323}{chapter.2}% 27
\BOOKMARK [0][-]{chapter.3}{\376\377\173\227\154\325\133\236\163\260}{chapter*.3}% 28
\BOOKMARK [1][-]{section.3.1}{\376\377\177\121\176\334\147\266\147\204}{chapter.3}% 29
\BOOKMARK [2][-]{subsection.3.1.1}{\376\377\123\125\166\356\155\361\136\246\117\060\213\241\133\120\177\121\176\334}{section.3.1}% 30
\BOOKMARK [2][-]{subsection.3.1.2}{\376\377\155\361\136\246\126\376\120\317\215\205\122\006\217\250\163\207\221\315\136\372\133\120\177\121\176\334}{section.3.1}% 31
\BOOKMARK [2][-]{subsection.3.1.3}{\376\377\200\124\124\010\133\146\116\140\173\126\165\145}{section.3.1}% 32
\BOOKMARK [1][-]{section.3.2}{\376\377\232\330\230\221\154\350\141\017\122\233\150\145}{chapter.3}% 33
\BOOKMARK [1][-]{section.3.3}{\376\377\121\205\133\271\137\025\133\374\150\145}{chapter.3}% 34
\BOOKMARK [1][-]{section.3.4}{\376\377\147\054\172\340\134\017\176\323}{chapter.3}% 35
\BOOKMARK [0][-]{chapter.4}{\376\377\133\236\232\214\155\113\213\325\116\016\122\006\147\220}{chapter*.3}% 36
\BOOKMARK [1][-]{section.4.1}{\376\377\145\160\143\156\226\306\123\312\213\304\116\367\143\007\150\007}{chapter.4}% 37
\BOOKMARK [2][-]{subsection.4.1.1}{\376\377\145\160\143\156\226\306}{section.4.1}% 38
\BOOKMARK [2][-]{subsection.4.1.2}{\376\377\213\304\116\367\143\007\150\007}{section.4.1}% 39
\BOOKMARK [1][-]{section.4.2}{\376\377\133\236\232\214\221\115\177\156}{chapter.4}% 40
\BOOKMARK [1][-]{section.4.3}{\376\377\127\372\116\216\000\040\000M\000i\000d\000d\000l\000e\000b\000u\000r\000y\000\040\145\160\143\156\226\306\166\204\176\323\147\234\153\324\217\203\123\312\122\006\147\220}{chapter.4}% 41
\BOOKMARK [1][-]{section.4.4}{\376\377\127\372\116\216\000\040\000N\000Y\000U\000\040\000v\0002\000\040\145\160\143\156\226\306\166\204\176\323\147\234\153\324\217\203\123\312\122\006\147\220}{chapter.4}% 42
\BOOKMARK [1][-]{section.4.5}{\376\377\155\210\207\215\133\236\232\214}{chapter.4}% 43
\BOOKMARK [1][-]{section.4.6}{\376\377\147\054\172\340\134\017\176\323}{chapter.4}% 44
\BOOKMARK [0][-]{chapter.5}{\376\377\176\323\213\272}{chapter*.3}% 45
\BOOKMARK [-1][-]{chapter*.37}{\376\377\123\302\200\003\145\207\163\056}{}% 46
\BOOKMARK [-1][-]{chapter*.38}{\376\377\201\364\000\040\214\042}{}% 47
\BOOKMARK [-1][-]{chapter*.39}{\376\377\226\104\000\040\137\125}{}% 48
